E:\My Documents\Visual Studio 2010\Projects\cuda_learning\cuda_learning\Debug\cl.command.1.tlog
E:\My Documents\Visual Studio 2010\Projects\cuda_learning\cuda_learning\Debug\CL.read.1.tlog
E:\My Documents\Visual Studio 2010\Projects\cuda_learning\cuda_learning\Debug\CL.write.1.tlog
E:\My Documents\Visual Studio 2010\Projects\cuda_learning\cuda_learning\Debug\cuda_learning.cu.cache
E:\My Documents\Visual Studio 2010\Projects\cuda_learning\cuda_learning\Debug\cuda_learning.cu.obj
E:\MY DOCUMENTS\VISUAL STUDIO 2010\PROJECTS\CUDA_LEARNING\CUDA_LEARNING\DEBUG\CUDA_LEARNING.EXE.EMBED.MANIFEST
E:\MY DOCUMENTS\VISUAL STUDIO 2010\PROJECTS\CUDA_LEARNING\CUDA_LEARNING\DEBUG\CUDA_LEARNING.EXE.EMBED.MANIFEST.RES
E:\MY DOCUMENTS\VISUAL STUDIO 2010\PROJECTS\CUDA_LEARNING\CUDA_LEARNING\DEBUG\CUDA_LEARNING.EXE.INTERMEDIATE.MANIFEST
E:\MY DOCUMENTS\VISUAL STUDIO 2010\PROJECTS\CUDA_LEARNING\CUDA_LEARNING\DEBUG\CUDA_LEARNING.PCH
E:\My Documents\Visual Studio 2010\Projects\cuda_learning\cuda_learning\Debug\cuda_learning_manifest.rc
E:\My Documents\Visual Studio 2010\Projects\cuda_learning\cuda_learning\Debug\link.5764.read.1.tlog
E:\My Documents\Visual Studio 2010\Projects\cuda_learning\cuda_learning\Debug\link.5764.write.1.tlog
E:\My Documents\Visual Studio 2010\Projects\cuda_learning\cuda_learning\Debug\link.5764-cvtres.read.1.tlog
E:\My Documents\Visual Studio 2010\Projects\cuda_learning\cuda_learning\Debug\link.5764-cvtres.write.1.tlog
E:\My Documents\Visual Studio 2010\Projects\cuda_learning\cuda_learning\Debug\link.command.1.tlog
E:\My Documents\Visual Studio 2010\Projects\cuda_learning\cuda_learning\Debug\link.read.1.tlog
E:\My Documents\Visual Studio 2010\Projects\cuda_learning\cuda_learning\Debug\link.write.1.tlog
E:\My Documents\Visual Studio 2010\Projects\cuda_learning\cuda_learning\Debug\link-cvtres.read.1.tlog
E:\My Documents\Visual Studio 2010\Projects\cuda_learning\cuda_learning\Debug\link-cvtres.write.1.tlog
E:\MY DOCUMENTS\VISUAL STUDIO 2010\PROJECTS\CUDA_LEARNING\CUDA_LEARNING\DEBUG\MAIN.OBJ
E:\My Documents\Visual Studio 2010\Projects\cuda_learning\cuda_learning\Debug\mt.command.1.tlog
E:\My Documents\Visual Studio 2010\Projects\cuda_learning\cuda_learning\Debug\mt.read.1.tlog
E:\My Documents\Visual Studio 2010\Projects\cuda_learning\cuda_learning\Debug\mt.write.1.tlog
E:\My Documents\Visual Studio 2010\Projects\cuda_learning\cuda_learning\Debug\rc.command.1.tlog
E:\My Documents\Visual Studio 2010\Projects\cuda_learning\cuda_learning\Debug\rc.read.1.tlog
E:\My Documents\Visual Studio 2010\Projects\cuda_learning\cuda_learning\Debug\rc.write.1.tlog
E:\MY DOCUMENTS\VISUAL STUDIO 2010\PROJECTS\CUDA_LEARNING\CUDA_LEARNING\DEBUG\SPHSOLVER.OBJ
E:\My Documents\Visual Studio 2010\Projects\cuda_learning\cuda_learning\Debug\SPHSolverHost.cu.cache
E:\My Documents\Visual Studio 2010\Projects\cuda_learning\cuda_learning\Debug\SPHSolverHost.cu.obj
E:\My Documents\Visual Studio 2010\Projects\cuda_learning\cuda_learning\Debug\SPHSolverKernal.cu.cache
E:\MY DOCUMENTS\VISUAL STUDIO 2010\PROJECTS\CUDA_LEARNING\CUDA_LEARNING\DEBUG\STDAFX.OBJ
E:\My Documents\Visual Studio 2010\Projects\cuda_learning\cuda_learning\Debug\vc100.idb
E:\MY DOCUMENTS\VISUAL STUDIO 2010\PROJECTS\CUDA_LEARNING\CUDA_LEARNING\DEBUG\VC100.PDB
E:\MY DOCUMENTS\VISUAL STUDIO 2010\PROJECTS\CUDA_LEARNING\CUDA_LEARNING\DEBUG\VECTOR3D.OBJ
E:\MY DOCUMENTS\VISUAL STUDIO 2010\PROJECTS\CUDA_LEARNING\DEBUG\CUDA_LEARNING.EXE
E:\MY DOCUMENTS\VISUAL STUDIO 2010\PROJECTS\CUDA_LEARNING\DEBUG\CUDA_LEARNING.ILK
E:\MY DOCUMENTS\VISUAL STUDIO 2010\PROJECTS\CUDA_LEARNING\DEBUG\CUDA_LEARNING.PDB
