Build started 12/22/2012 11:05:48 PM.
     1>Project "E:\My Documents\Visual Studio 2010\Projects\cuda_learning\cuda_learning\cuda_learning.vcxproj" on node 2 (rebuild target(s)).
     1>_PrepareForClean:
         Deleting file "Debug\cuda_learning.lastbuildstate".
       CudaClean:
         cmd.exe /C "C:\Users\BreadMaker\AppData\Local\Temp\3930f1c2bf8a4bbab63f09860935f6b8.cmd"
         "E:\Programs\NVIDIA GPU Computing Toolkit\CUDA\v5.0\bin\nvcc.exe" -ccbin "E:\Program Files (x86)\Microsoft Visual Studio 10.0\VC\bin"  -I"C:\ProgramData\NVIDIA Corporation\CUDA Samples\v5.0\common\inc" -I"E:\Programs\NVIDIA GPU Computing Toolkit\CUDA\v5.0\include" -I"E:\Programs\NVIDIA GPU Computing Toolkit\CUDA\v5.0\include"  -G   --keep-dir "Debug" -maxrregcount=0  --machine 32 --compile  -g   -DWIN32 -D_DEBUG -D_CONSOLE -D_UNICODE -DUNICODE -Xcompiler "/EHsc /W3 /nologo /Od /Zi /RTC1 /MDd  " -o "Debug\cuda_learning.cu.obj" "E:\My Documents\Visual Studio 2010\Projects\cuda_learning\cuda_learning\cuda_learning.cu" -clean
         
         E:\My Documents\Visual Studio 2010\Projects\cuda_learning\cuda_learning>"E:\Programs\NVIDIA GPU Computing Toolkit\CUDA\v5.0\bin\nvcc.exe" -ccbin "E:\Program Files (x86)\Microsoft Visual Studio 10.0\VC\bin"  -I"C:\ProgramData\NVIDIA Corporation\CUDA Samples\v5.0\common\inc" -I"E:\Programs\NVIDIA GPU Computing Toolkit\CUDA\v5.0\include" -I"E:\Programs\NVIDIA GPU Computing Toolkit\CUDA\v5.0\include"  -G   --keep-dir "Debug" -maxrregcount=0  --machine 32 --compile  -g   -DWIN32 -D_DEBUG -D_CONSOLE -D_UNICODE -DUNICODE -Xcompiler "/EHsc /W3 /nologo /Od /Zi /RTC1 /MDd  " -o "Debug\cuda_learning.cu.obj" "E:\My Documents\Visual Studio 2010\Projects\cuda_learning\cuda_learning\cuda_learning.cu" -clean 
         Deleting file "Debug\cuda_learning.cu.deps".
       CudaClean:
         cmd.exe /C "C:\Users\BreadMaker\AppData\Local\Temp\55f5bc21fb7043ca928d4ad5a00393fd.cmd"
         "E:\Programs\NVIDIA GPU Computing Toolkit\CUDA\v5.0\bin\nvcc.exe" -ccbin "E:\Program Files (x86)\Microsoft Visual Studio 10.0\VC\bin"  -I"C:\ProgramData\NVIDIA Corporation\CUDA Samples\v5.0\common\inc" -I"E:\Programs\NVIDIA GPU Computing Toolkit\CUDA\v5.0\include" -I"E:\Programs\NVIDIA GPU Computing Toolkit\CUDA\v5.0\include"  -G   --keep-dir "Debug" -maxrregcount=0  --machine 32 --compile  -g   -DWIN32 -D_DEBUG -D_CONSOLE -D_UNICODE -DUNICODE -Xcompiler "/EHsc /W3 /nologo /Od /Zi /RTC1 /MDd  " -o "Debug\SPHSolverHost.cu.obj" "E:\My Documents\Visual Studio 2010\Projects\cuda_learning\cuda_learning\SPHSolverHost.cu" -clean
         
         E:\My Documents\Visual Studio 2010\Projects\cuda_learning\cuda_learning>"E:\Programs\NVIDIA GPU Computing Toolkit\CUDA\v5.0\bin\nvcc.exe" -ccbin "E:\Program Files (x86)\Microsoft Visual Studio 10.0\VC\bin"  -I"C:\ProgramData\NVIDIA Corporation\CUDA Samples\v5.0\common\inc" -I"E:\Programs\NVIDIA GPU Computing Toolkit\CUDA\v5.0\include" -I"E:\Programs\NVIDIA GPU Computing Toolkit\CUDA\v5.0\include"  -G   --keep-dir "Debug" -maxrregcount=0  --machine 32 --compile  -g   -DWIN32 -D_DEBUG -D_CONSOLE -D_UNICODE -DUNICODE -Xcompiler "/EHsc /W3 /nologo /Od /Zi /RTC1 /MDd  " -o "Debug\SPHSolverHost.cu.obj" "E:\My Documents\Visual Studio 2010\Projects\cuda_learning\cuda_learning\SPHSolverHost.cu" -clean 
         Deleting file "Debug\SPHSolverHost.cu.deps".
       InitializeBuildStatus:
         Creating "Debug\cuda_learning.unsuccessfulbuild" because "AlwaysCreate" was specified.
       AddCudaCompileDeps:
         E:\Program Files (x86)\Microsoft Visual Studio 10.0\VC\bin\cl.exe /E /nologo /showIncludes /TP /D__CUDACC__ /DWIN32 /D_DEBUG /D_CONSOLE /D_UNICODE /DUNICODE /I"C:\ProgramData\NVIDIA Corporation\CUDA Samples\v5.0\common\inc" /I"E:\Programs\NVIDIA GPU Computing Toolkit\CUDA\v5.0\include" /I"E:\Programs\NVIDIA GPU Computing Toolkit\CUDA\v5.0\bin" /I"E:\Programs\NVIDIA GPU Computing Toolkit\CUDA\v5.0\include" /I. /FIcuda_runtime.h /c "E:\My Documents\Visual Studio 2010\Projects\cuda_learning\cuda_learning\cuda_learning.cu" 
       AddCudaCompileDeps:
         E:\Program Files (x86)\Microsoft Visual Studio 10.0\VC\bin\cl.exe /E /nologo /showIncludes /TP /D__CUDACC__ /DWIN32 /D_DEBUG /D_CONSOLE /D_UNICODE /DUNICODE /I"C:\ProgramData\NVIDIA Corporation\CUDA Samples\v5.0\common\inc" /I"E:\Programs\NVIDIA GPU Computing Toolkit\CUDA\v5.0\include" /I"E:\Programs\NVIDIA GPU Computing Toolkit\CUDA\v5.0\bin" /I"E:\Programs\NVIDIA GPU Computing Toolkit\CUDA\v5.0\include" /I. /FIcuda_runtime.h /c "E:\My Documents\Visual Studio 2010\Projects\cuda_learning\cuda_learning\SPHSolverHost.cu" 
       AddCudaCompilePropsDeps:
         Found "CudaToolkitCustomDir".
         Found "AdditionalDeps".
         Found "CompileOut".
         Found "Include".
         Found "UseHostInclude".
         Found "Keep".
         Found "KeepDir".
         Found "GenerateRelocatableDeviceCode".
         Found "NvccCompilation".
         Found "NvccPath".
         Found "RequiredIncludes".
         Found "TargetMachinePlatform".
         Found "CInterleavedPTX".
         Found "CodeGeneration".
         Found "GPUDebugInfo".
         Found "GenerateLineInfo".
         Found "MaxRegCount".
         Found "PtxAsOptionV".
         Found "AdditionalCompilerOptions".
         Found "Defines".
         Found "UseHostDefines".
         Found "Emulation".
         Found "HostDebugInfo".
         Found "FastMath".
         Found "Optimization".
         Found "Runtime".
         Found "RuntimeChecks".
         Found "TypeInfo".
         Found "Warning".
         Found "AdditionalOptions".
         Found "CommandLineTemplate".
         Found "PerformDeviceLink".
         Found "LinkOut".
         Found "AdditionalLibraryDirectories".
         Found "UseHostLibraryDirectories".
         Found "AdditionalDependencies".
         Found "UseHostLibraryDependencies".
         Found "GPUDebugInfo".
         Found "Optimization".
         Found "CodeGeneration".
         Found "TargetMachinePlatform".
         Found "Warning".
         Found "RuntimeChecks".
         Found "Runtime".
         Found "TypeInfo".
         Found "AdditionalCompilerOptions".
         Found "Inputs".
         Found "AdditionalOptions".
         Found "CommandLineTemplate".
       AddCudaCompilePropsDeps:
         Found "CudaToolkitCustomDir".
         Found "AdditionalDeps".
         Found "CompileOut".
         Found "Include".
         Found "UseHostInclude".
         Found "Keep".
         Found "KeepDir".
         Found "GenerateRelocatableDeviceCode".
         Found "NvccCompilation".
         Found "NvccPath".
         Found "RequiredIncludes".
         Found "TargetMachinePlatform".
         Found "CInterleavedPTX".
         Found "CodeGeneration".
         Found "GPUDebugInfo".
         Found "GenerateLineInfo".
         Found "MaxRegCount".
         Found "PtxAsOptionV".
         Found "AdditionalCompilerOptions".
         Found "Defines".
         Found "UseHostDefines".
         Found "Emulation".
         Found "HostDebugInfo".
         Found "FastMath".
         Found "Optimization".
         Found "Runtime".
         Found "RuntimeChecks".
         Found "TypeInfo".
         Found "Warning".
         Found "AdditionalOptions".
         Found "CommandLineTemplate".
         Found "PerformDeviceLink".
         Found "LinkOut".
         Found "AdditionalLibraryDirectories".
         Found "UseHostLibraryDirectories".
         Found "AdditionalDependencies".
         Found "UseHostLibraryDependencies".
         Found "GPUDebugInfo".
         Found "Optimization".
         Found "CodeGeneration".
         Found "TargetMachinePlatform".
         Found "Warning".
         Found "RuntimeChecks".
         Found "Runtime".
         Found "TypeInfo".
         Found "AdditionalCompilerOptions".
         Found "Inputs".
         Found "AdditionalOptions".
         Found "CommandLineTemplate".
       AddCudaCompilePropsDeps:
         Found "CudaToolkitCustomDir".
         Found "AdditionalDeps".
         Found "CompileOut".
         Found "Include".
         Found "UseHostInclude".
         Found "Keep".
         Found "KeepDir".
         Found "GenerateRelocatableDeviceCode".
         Found "NvccCompilation".
         Found "NvccPath".
         Found "RequiredIncludes".
         Found "TargetMachinePlatform".
         Found "CInterleavedPTX".
         Found "CodeGeneration".
         Found "GPUDebugInfo".
         Found "GenerateLineInfo".
         Found "MaxRegCount".
         Found "PtxAsOptionV".
         Found "AdditionalCompilerOptions".
         Found "Defines".
         Found "UseHostDefines".
         Found "Emulation".
         Found "HostDebugInfo".
         Found "FastMath".
         Found "Optimization".
         Found "Runtime".
         Found "RuntimeChecks".
         Found "TypeInfo".
         Found "Warning".
         Found "AdditionalOptions".
         Found "CommandLineTemplate".
         Found "PerformDeviceLink".
         Found "LinkOut".
         Found "AdditionalLibraryDirectories".
         Found "UseHostLibraryDirectories".
         Found "AdditionalDependencies".
         Found "UseHostLibraryDependencies".
         Found "GPUDebugInfo".
         Found "Optimization".
         Found "CodeGeneration".
         Found "TargetMachinePlatform".
         Found "Warning".
         Found "RuntimeChecks".
         Found "Runtime".
         Found "TypeInfo".
         Found "AdditionalCompilerOptions".
         Found "Inputs".
         Found "AdditionalOptions".
         Found "CommandLineTemplate".
       CudaBuild:
         Compiling CUDA source file cuda_learning.cu...
         cmd.exe /C "C:\Users\BreadMaker\AppData\Local\Temp\1d77172b4f56430c89da93102b1209bf.cmd"
         "E:\Programs\NVIDIA GPU Computing Toolkit\CUDA\v5.0\bin\nvcc.exe" -gencode=arch=compute_10,code=\"sm_10,compute_10\" --use-local-env --cl-version 2010 -ccbin "E:\Program Files (x86)\Microsoft Visual Studio 10.0\VC\bin"  -I"C:\ProgramData\NVIDIA Corporation\CUDA Samples\v5.0\common\inc" -I"E:\Programs\NVIDIA GPU Computing Toolkit\CUDA\v5.0\include" -I"E:\Programs\NVIDIA GPU Computing Toolkit\CUDA\v5.0\include"  -G   --keep-dir "Debug" -maxrregcount=0  --machine 32 --compile  -g   -DWIN32 -D_DEBUG -D_CONSOLE -D_UNICODE -DUNICODE -Xcompiler "/EHsc /W3 /nologo /Od /Zi /RTC1 /MDd  " -o "Debug\cuda_learning.cu.obj" "E:\My Documents\Visual Studio 2010\Projects\cuda_learning\cuda_learning\cuda_learning.cu"
         
         E:\My Documents\Visual Studio 2010\Projects\cuda_learning\cuda_learning>"E:\Programs\NVIDIA GPU Computing Toolkit\CUDA\v5.0\bin\nvcc.exe" -gencode=arch=compute_10,code=\"sm_10,compute_10\" --use-local-env --cl-version 2010 -ccbin "E:\Program Files (x86)\Microsoft Visual Studio 10.0\VC\bin"  -I"C:\ProgramData\NVIDIA Corporation\CUDA Samples\v5.0\common\inc" -I"E:\Programs\NVIDIA GPU Computing Toolkit\CUDA\v5.0\include" -I"E:\Programs\NVIDIA GPU Computing Toolkit\CUDA\v5.0\include"  -G   --keep-dir "Debug" -maxrregcount=0  --machine 32 --compile  -g   -DWIN32 -D_DEBUG -D_CONSOLE -D_UNICODE -DUNICODE -Xcompiler "/EHsc /W3 /nologo /Od /Zi /RTC1 /MDd  " -o "Debug\cuda_learning.cu.obj" "E:\My Documents\Visual Studio 2010\Projects\cuda_learning\cuda_learning\cuda_learning.cu" 
         cuda_learning.cu
     1>E:/My Documents/Visual Studio 2010/Projects/cuda_learning/cuda_learning/cuda_learning.cu(15): warning : expression has no effect
         
         tmpxft_000014c0_00000000-2_cuda_learning.cudafe1.gpu
         tmpxft_000014c0_00000000-7_cuda_learning.cudafe2.gpu
         cuda_learning.cu
     1>E:/My Documents/Visual Studio 2010/Projects/cuda_learning/cuda_learning/cuda_learning.cu(15): warning : expression has no effect
         
         tmpxft_000014c0_00000000-2_cuda_learning.cudafe1.cpp
         tmpxft_000014c0_00000000-12_cuda_learning.ii
     1>E:/My Documents/Visual Studio 2010/Projects/cuda_learning/cuda_learning/cuda_learning.cu(15): warning C4552: '+' : operator has no effect; expected operator with side-effect
         Deleting file "tmpxft_000014c0_00000000-8_cuda_learning.cpp3.o".
       CudaBuild:
         Compiling CUDA source file SPHSolverHost.cu...
         cmd.exe /C "C:\Users\BreadMaker\AppData\Local\Temp\0b0b943ea0994f4c8ce7457206847ffd.cmd"
         "E:\Programs\NVIDIA GPU Computing Toolkit\CUDA\v5.0\bin\nvcc.exe" -gencode=arch=compute_10,code=\"sm_10,compute_10\" --use-local-env --cl-version 2010 -ccbin "E:\Program Files (x86)\Microsoft Visual Studio 10.0\VC\bin"  -I"C:\ProgramData\NVIDIA Corporation\CUDA Samples\v5.0\common\inc" -I"E:\Programs\NVIDIA GPU Computing Toolkit\CUDA\v5.0\include" -I"E:\Programs\NVIDIA GPU Computing Toolkit\CUDA\v5.0\include"  -G   --keep-dir "Debug" -maxrregcount=0  --machine 32 --compile  -g   -DWIN32 -D_DEBUG -D_CONSOLE -D_UNICODE -DUNICODE -Xcompiler "/EHsc /W3 /nologo /Od /Zi /RTC1 /MDd  " -o "Debug\SPHSolverHost.cu.obj" "E:\My Documents\Visual Studio 2010\Projects\cuda_learning\cuda_learning\SPHSolverHost.cu"
         
         E:\My Documents\Visual Studio 2010\Projects\cuda_learning\cuda_learning>"E:\Programs\NVIDIA GPU Computing Toolkit\CUDA\v5.0\bin\nvcc.exe" -gencode=arch=compute_10,code=\"sm_10,compute_10\" --use-local-env --cl-version 2010 -ccbin "E:\Program Files (x86)\Microsoft Visual Studio 10.0\VC\bin"  -I"C:\ProgramData\NVIDIA Corporation\CUDA Samples\v5.0\common\inc" -I"E:\Programs\NVIDIA GPU Computing Toolkit\CUDA\v5.0\include" -I"E:\Programs\NVIDIA GPU Computing Toolkit\CUDA\v5.0\include"  -G   --keep-dir "Debug" -maxrregcount=0  --machine 32 --compile  -g   -DWIN32 -D_DEBUG -D_CONSOLE -D_UNICODE -DUNICODE -Xcompiler "/EHsc /W3 /nologo /Od /Zi /RTC1 /MDd  " -o "Debug\SPHSolverHost.cu.obj" "E:\My Documents\Visual Studio 2010\Projects\cuda_learning\cuda_learning\SPHSolverHost.cu" 
         SPHSolverHost.cu
     1>e:\my documents\visual studio 2010\projects\cuda_learning\cuda_learning\SPHSolverKernal.cu(376): warning : variable "sum" was declared but never referenced
         
     1>e:\my documents\visual studio 2010\projects\cuda_learning\cuda_learning\SPHSolverKernal.cu(377): warning : variable "force" was declared but never referenced
         
         tmpxft_00001960_00000000-2_SPHSolverHost.cudafe1.gpu
         tmpxft_00001960_00000000-7_SPHSolverHost.cudafe2.gpu
         SPHSolverHost.cu
     1>e:\my documents\visual studio 2010\projects\cuda_learning\cuda_learning\SPHSolverKernal.cu(376): warning : variable "sum" was declared but never referenced
         
     1>e:\my documents\visual studio 2010\projects\cuda_learning\cuda_learning\SPHSolverKernal.cu(377): warning : variable "force" was declared but never referenced
         
     1>E:/My Documents/Visual Studio 2010/Projects/cuda_learning/cuda_learning/SPHSolverHost.cu(160): warning : a __device__ variable "sortedPartBuffer" cannot be directly read in a host function
         
     1>E:/My Documents/Visual Studio 2010/Projects/cuda_learning/cuda_learning/SPHSolverHost.cu(160): warning : a __device__ variable "gridBuffer" cannot be directly read in a host function
         
     1>E:/My Documents/Visual Studio 2010/Projects/cuda_learning/cuda_learning/SPHSolverHost.cu(169): warning : a __device__ variable "sortedPartBuffer" cannot be directly read in a host function
         
     1>E:/My Documents/Visual Studio 2010/Projects/cuda_learning/cuda_learning/SPHSolverHost.cu(169): warning : a __device__ variable "gridBuffer" cannot be directly read in a host function
         
     1>E:/My Documents/Visual Studio 2010/Projects/cuda_learning/cuda_learning/SPHSolverHost.cu(175): warning : a __device__ variable "sortedPartBuffer" cannot be directly read in a host function
         
     1>E:/My Documents/Visual Studio 2010/Projects/cuda_learning/cuda_learning/SPHSolverHost.cu(195): warning : a __device__ variable "partBuffer" cannot be directly read in a host function
         
     1>E:/My Documents/Visual Studio 2010/Projects/cuda_learning/cuda_learning/SPHSolverHost.cu(196): warning : a __device__ variable "hashBuffer" cannot be directly read in a host function
         
     1>E:/My Documents/Visual Studio 2010/Projects/cuda_learning/cuda_learning/SPHSolverHost.cu(197): warning : a __device__ variable "hashValueBuffer" cannot be directly read in a host function
         
     1>E:/My Documents/Visual Studio 2010/Projects/cuda_learning/cuda_learning/SPHSolverHost.cu(198): warning : a __device__ variable "sortedPartBuffer" cannot be directly read in a host function
         
     1>E:/My Documents/Visual Studio 2010/Projects/cuda_learning/cuda_learning/SPHSolverHost.cu(199): warning : a __device__ variable "gridBuffer" cannot be directly read in a host function
         
     1>E:/My Documents/Visual Studio 2010/Projects/cuda_learning/cuda_learning/SPHSolverHost.cu(206): warning : a __device__ variable "partBuffer" cannot be directly read in a host function
         
     1>E:/My Documents/Visual Studio 2010/Projects/cuda_learning/cuda_learning/SPHSolverHost.cu(231): warning : a __device__ variable "partBuffer" cannot be directly read in a host function
         
     1>E:/My Documents/Visual Studio 2010/Projects/cuda_learning/cuda_learning/SPHSolverHost.cu(238): warning : a __device__ variable "partBuffer" cannot be directly read in a host function
         
     1>E:/My Documents/Visual Studio 2010/Projects/cuda_learning/cuda_learning/SPHSolverHost.cu(246): warning : a __device__ variable "hashBuffer" cannot be directly read in a host function
         
     1>E:/My Documents/Visual Studio 2010/Projects/cuda_learning/cuda_learning/SPHSolverHost.cu(247): warning : a __device__ variable "hashValueBuffer" cannot be directly read in a host function
         
     1>E:/My Documents/Visual Studio 2010/Projects/cuda_learning/cuda_learning/SPHSolverHost.cu(248): warning : a __device__ variable "gridBuffer" cannot be directly read in a host function
         
     1>E:/My Documents/Visual Studio 2010/Projects/cuda_learning/cuda_learning/SPHSolverHost.cu(251): warning : a __device__ variable "partBuffer" cannot be directly read in a host function
         
     1>E:/My Documents/Visual Studio 2010/Projects/cuda_learning/cuda_learning/SPHSolverHost.cu(251): warning : a __device__ variable "hashBuffer" cannot be directly read in a host function
         
     1>E:/My Documents/Visual Studio 2010/Projects/cuda_learning/cuda_learning/SPHSolverHost.cu(251): warning : a __device__ variable "hashValueBuffer" cannot be directly read in a host function
         
     1>E:/My Documents/Visual Studio 2010/Projects/cuda_learning/cuda_learning/SPHSolverHost.cu(255): warning : a __device__ variable "hashBuffer" cannot be directly read in a host function
         
     1>E:/My Documents/Visual Studio 2010/Projects/cuda_learning/cuda_learning/SPHSolverHost.cu(256): warning : a __device__ variable "hashValueBuffer" cannot be directly read in a host function
         
     1>E:/My Documents/Visual Studio 2010/Projects/cuda_learning/cuda_learning/SPHSolverHost.cu(263): warning : a __device__ variable "partBuffer" cannot be directly read in a host function
         
     1>E:/My Documents/Visual Studio 2010/Projects/cuda_learning/cuda_learning/SPHSolverHost.cu(263): warning : a __device__ variable "sortedPartBuffer" cannot be directly read in a host function
         
     1>E:/My Documents/Visual Studio 2010/Projects/cuda_learning/cuda_learning/SPHSolverHost.cu(263): warning : a __device__ variable "hashBuffer" cannot be directly read in a host function
         
     1>E:/My Documents/Visual Studio 2010/Projects/cuda_learning/cuda_learning/SPHSolverHost.cu(263): warning : a __device__ variable "hashValueBuffer" cannot be directly read in a host function
         
     1>E:/My Documents/Visual Studio 2010/Projects/cuda_learning/cuda_learning/SPHSolverHost.cu(263): warning : a __device__ variable "gridBuffer" cannot be directly read in a host function
         
     1>E:/My Documents/Visual Studio 2010/Projects/cuda_learning/cuda_learning/SPHSolverHost.cu(272): warning : a __device__ variable "hashBuffer" cannot be directly read in a host function
         
     1>E:/My Documents/Visual Studio 2010/Projects/cuda_learning/cuda_learning/SPHSolverHost.cu(274): warning : a __device__ variable "hashValueBuffer" cannot be directly read in a host function
         
     1>E:/My Documents/Visual Studio 2010/Projects/cuda_learning/cuda_learning/SPHSolverHost.cu(282): warning : a __device__ variable "gridBuffer" cannot be directly read in a host function
         
         ./e:\my documents\visual studio 2010\projects\cuda_learning\cuda_learning\SPHSolverKernal.cu(215): Warning: Cannot tell what pointer points to, assuming global memory space
         ./e:\my documents\visual studio 2010\projects\cuda_learning\cuda_learning\SPHSolverKernal.cu(216): Warning: Cannot tell what pointer points to, assuming global memory space
         ./e:\my documents\visual studio 2010\projects\cuda_learning\cuda_learning\SPHSolverKernal.cu(218): Warning: Cannot tell what pointer points to, assuming global memory space
         ./e:\my documents\visual studio 2010\projects\cuda_learning\cuda_learning\SPHSolverKernal.cu(240): Warning: Cannot tell what pointer points to, assuming global memory space
         ./e:\my documents\visual studio 2010\projects\cuda_learning\cuda_learning\SPHSolverKernal.cu(240): Warning: Cannot tell what pointer points to, assuming global memory space
         ./e:\my documents\visual studio 2010\projects\cuda_learning\cuda_learning\SPHSolverKernal.cu(240): Warning: Cannot tell what pointer points to, assuming global memory space
         ./e:\my documents\visual studio 2010\projects\cuda_learning\cuda_learning\SPHSolverKernal.cu(241): Warning: Cannot tell what pointer points to, assuming global memory space
         ./e:\my documents\visual studio 2010\projects\cuda_learning\cuda_learning\SPHSolverKernal.cu(241): Warning: Cannot tell what pointer points to, assuming global memory space
         ./e:\my documents\visual studio 2010\projects\cuda_learning\cuda_learning\SPHSolverKernal.cu(241): Warning: Cannot tell what pointer points to, assuming global memory space
         ./e:\my documents\visual studio 2010\projects\cuda_learning\cuda_learning\SPHSolverKernal.cu(182): Warning: Cannot tell what pointer points to, assuming global memory space
         ./e:\my documents\visual studio 2010\projects\cuda_learning\cuda_learning\SPHSolverKernal.cu(184): Warning: Cannot tell what pointer points to, assuming global memory space
         ./e:\my documents\visual studio 2010\projects\cuda_learning\cuda_learning\SPHSolverKernal.cu(184): Warning: Cannot tell what pointer points to, assuming global memory space
         ./e:\my documents\visual studio 2010\projects\cuda_learning\cuda_learning\SPHSolverKernal.cu(184): Warning: Cannot tell what pointer points to, assuming global memory space
         ./e:\my documents\visual studio 2010\projects\cuda_learning\cuda_learning\SPHSolverKernal.cu(184): Warning: Cannot tell what pointer points to, assuming global memory space
         ./e:\my documents\visual studio 2010\projects\cuda_learning\cuda_learning\SPHSolverKernal.cu(184): Warning: Cannot tell what pointer points to, assuming global memory space
         ./e:\my documents\visual studio 2010\projects\cuda_learning\cuda_learning\SPHSolverKernal.cu(184): Warning: Cannot tell what pointer points to, assuming global memory space
         ./e:\my documents\visual studio 2010\projects\cuda_learning\cuda_learning\SPHSolverKernal.cu(275): Warning: Cannot tell what pointer points to, assuming global memory space
         ./e:\my documents\visual studio 2010\projects\cuda_learning\cuda_learning\SPHSolverKernal.cu(276): Warning: Cannot tell what pointer points to, assuming global memory space
         ./e:\my documents\visual studio 2010\projects\cuda_learning\cuda_learning\SPHSolverKernal.cu(383): Warning: Cannot tell what pointer points to, assuming global memory space
         ./e:\my documents\visual studio 2010\projects\cuda_learning\cuda_learning\SPHSolverKernal.cu(383): Warning: Cannot tell what pointer points to, assuming global memory space
         ./e:\my documents\visual studio 2010\projects\cuda_learning\cuda_learning\SPHSolverKernal.cu(383): Warning: Cannot tell what pointer points to, assuming global memory space
         ./e:\my documents\visual studio 2010\projects\cuda_learning\cuda_learning\SPHSolverKernal.cu(388): Warning: Cannot tell what pointer points to, assuming global memory space
         ./e:\my documents\visual studio 2010\projects\cuda_learning\cuda_learning\SPHSolverKernal.cu(388): Warning: Cannot tell what pointer points to, assuming global memory space
         ./e:\my documents\visual studio 2010\projects\cuda_learning\cuda_learning\SPHSolverKernal.cu(388): Warning: Cannot tell what pointer points to, assuming global memory space
         ./e:\my documents\visual studio 2010\projects\cuda_learning\cuda_learning\SPHSolverKernal.cu(389): Warning: Cannot tell what pointer points to, assuming global memory space
         ./e:\my documents\visual studio 2010\projects\cuda_learning\cuda_learning\SPHSolverKernal.cu(389): Warning: Cannot tell what pointer points to, assuming global memory space
         ./e:\my documents\visual studio 2010\projects\cuda_learning\cuda_learning\SPHSolverKernal.cu(389): Warning: Cannot tell what pointer points to, assuming global memory space
         ./e:\my documents\visual studio 2010\projects\cuda_learning\cuda_learning\SPHSolverKernal.cu(307): Warning: Cannot tell what pointer points to, assuming global memory space
         ./e:\my documents\visual studio 2010\projects\cuda_learning\cuda_learning\SPHSolverKernal.cu(308): Warning: Cannot tell what pointer points to, assuming global memory space
         ./e:\my documents\visual studio 2010\projects\cuda_learning\cuda_learning\SPHSolverKernal.cu(316): Warning: Cannot tell what pointer points to, assuming global memory space
         ./e:\my documents\visual studio 2010\projects\cuda_learning\cuda_learning\SPHSolverKernal.cu(317): Warning: Cannot tell what pointer points to, assuming global memory space
         ./e:\my documents\visual studio 2010\projects\cuda_learning\cuda_learning\SPHSolverKernal.cu(318): Warning: Cannot tell what pointer points to, assuming global memory space
         ./e:\my documents\visual studio 2010\projects\cuda_learning\cuda_learning\SPHSolverKernal.cu(329): Warning: Cannot tell what pointer points to, assuming global memory space
         ./e:\my documents\visual studio 2010\projects\cuda_learning\cuda_learning\SPHSolverKernal.cu(329): Warning: Cannot tell what pointer points to, assuming global memory space
         ./e:\my documents\visual studio 2010\projects\cuda_learning\cuda_learning\SPHSolverKernal.cu(329): Warning: Cannot tell what pointer points to, assuming global memory space
         ./e:\my documents\visual studio 2010\projects\cuda_learning\cuda_learning\SPHSolverKernal.cu(329): Warning: Cannot tell what pointer points to, assuming global memory space
         ./e:\my documents\visual studio 2010\projects\cuda_learning\cuda_learning\SPHSolverKernal.cu(329): Warning: Cannot tell what pointer points to, assuming global memory space
         ./e:\my documents\visual studio 2010\projects\cuda_learning\cuda_learning\SPHSolverKernal.cu(329): Warning: Cannot tell what pointer points to, assuming global memory space
         ./e:\my documents\visual studio 2010\projects\cuda_learning\cuda_learning\SPHSolverKernal.cu(331): Warning: Cannot tell what pointer points to, assuming global memory space
         ./e:\my documents\visual studio 2010\projects\cuda_learning\cuda_learning\SPHSolverKernal.cu(331): Warning: Cannot tell what pointer points to, assuming global memory space
         ./e:\my documents\visual studio 2010\projects\cuda_learning\cuda_learning\SPHSolverKernal.cu(331): Warning: Cannot tell what pointer points to, assuming global memory space
         ./e:\my documents\visual studio 2010\projects\cuda_learning\cuda_learning\SPHSolverKernal.cu(331): Warning: Cannot tell what pointer points to, assuming global memory space
         ./e:\my documents\visual studio 2010\projects\cuda_learning\cuda_learning\SPHSolverKernal.cu(331): Warning: Cannot tell what pointer points to, assuming global memory space
         ./e:\my documents\visual studio 2010\projects\cuda_learning\cuda_learning\SPHSolverKernal.cu(331): Warning: Cannot tell what pointer points to, assuming global memory space
         ./C:\ProgramData\NVIDIA Corporation\CUDA Samples\v5.0\common\inc\helper_math.h(351): Warning: Cannot tell what pointer points to, assuming global memory space
         ./C:\ProgramData\NVIDIA Corporation\CUDA Samples\v5.0\common\inc\helper_math.h(351): Warning: Cannot tell what pointer points to, assuming global memory space
         ./C:\ProgramData\NVIDIA Corporation\CUDA Samples\v5.0\common\inc\helper_math.h(352): Warning: Cannot tell what pointer points to, assuming global memory space
         ./C:\ProgramData\NVIDIA Corporation\CUDA Samples\v5.0\common\inc\helper_math.h(352): Warning: Cannot tell what pointer points to, assuming global memory space
         ./C:\ProgramData\NVIDIA Corporation\CUDA Samples\v5.0\common\inc\helper_math.h(353): Warning: Cannot tell what pointer points to, assuming global memory space
         ./C:\ProgramData\NVIDIA Corporation\CUDA Samples\v5.0\common\inc\helper_math.h(353): Warning: Cannot tell what pointer points to, assuming global memory space
         ./e:\my documents\visual studio 2010\projects\cuda_learning\cuda_learning\SPHSolverKernal.cu(361): Warning: Cannot tell what pointer points to, assuming global memory space
         ./e:\my documents\visual studio 2010\projects\cuda_learning\cuda_learning\SPHSolverKernal.cu(362): Warning: Cannot tell what pointer points to, assuming global memory space
         ./e:\my documents\visual studio 2010\projects\cuda_learning\cuda_learning\SPHSolverKernal.cu(362): Warning: Cannot tell what pointer points to, assuming global memory space
         ./e:\my documents\visual studio 2010\projects\cuda_learning\cuda_learning\SPHSolverKernal.cu(363): Warning: Cannot tell what pointer points to, assuming global memory space
         ./e:\my documents\visual studio 2010\projects\cuda_learning\cuda_learning\SPHSolverKernal.cu(363): Warning: Cannot tell what pointer points to, assuming global memory space
         ./e:\my documents\visual studio 2010\projects\cuda_learning\cuda_learning\SPHSolverKernal.cu(364): Warning: Cannot tell what pointer points to, assuming global memory space
         ./e:\my documents\visual studio 2010\projects\cuda_learning\cuda_learning\SPHSolverKernal.cu(364): Warning: Cannot tell what pointer points to, assuming global memory space
         ./e:\my documents\visual studio 2010\projects\cuda_learning\cuda_learning\SPHSolverKernal.cu(433): Warning: Cannot tell what pointer points to, assuming global memory space
         ./e:\my documents\visual studio 2010\projects\cuda_learning\cuda_learning\SPHSolverKernal.cu(433): Warning: Cannot tell what pointer points to, assuming global memory space
         ./e:\my documents\visual studio 2010\projects\cuda_learning\cuda_learning\SPHSolverKernal.cu(433): Warning: Cannot tell what pointer points to, assuming global memory space
         ./e:\my documents\visual studio 2010\projects\cuda_learning\cuda_learning\SPHSolverKernal.cu(434): Warning: Cannot tell what pointer points to, assuming global memory space
         ./e:\my documents\visual studio 2010\projects\cuda_learning\cuda_learning\SPHSolverKernal.cu(434): Warning: Cannot tell what pointer points to, assuming global memory space
         ./e:\my documents\visual studio 2010\projects\cuda_learning\cuda_learning\SPHSolverKernal.cu(434): Warning: Cannot tell what pointer points to, assuming global memory space
         ./e:\my documents\visual studio 2010\projects\cuda_learning\cuda_learning\SPHSolverKernal.cu(435): Warning: Cannot tell what pointer points to, assuming global memory space
         ./e:\my documents\visual studio 2010\projects\cuda_learning\cuda_learning\SPHSolverKernal.cu(435): Warning: Cannot tell what pointer points to, assuming global memory space
         ./e:\my documents\visual studio 2010\projects\cuda_learning\cuda_learning\SPHSolverKernal.cu(435): Warning: Cannot tell what pointer points to, assuming global memory space
         ./e:\my documents\visual studio 2010\projects\cuda_learning\cuda_learning\SPHSolverKernal.cu(437): Warning: Cannot tell what pointer points to, assuming global memory space
         ./e:\my documents\visual studio 2010\projects\cuda_learning\cuda_learning\SPHSolverKernal.cu(449): Warning: Cannot tell what pointer points to, assuming global memory space
         ./e:\my documents\visual studio 2010\projects\cuda_learning\cuda_learning\SPHSolverKernal.cu(449): Warning: Cannot tell what pointer points to, assuming global memory space
         ./e:\my documents\visual studio 2010\projects\cuda_learning\cuda_learning\SPHSolverKernal.cu(449): Warning: Cannot tell what pointer points to, assuming global memory space
         ./e:\my documents\visual studio 2010\projects\cuda_learning\cuda_learning\SPHSolverKernal.cu(450): Warning: Cannot tell what pointer points to, assuming global memory space
         ./e:\my documents\visual studio 2010\projects\cuda_learning\cuda_learning\SPHSolverKernal.cu(453): Warning: Cannot tell what pointer points to, assuming global memory space
         ./e:\my documents\visual studio 2010\projects\cuda_learning\cuda_learning\SPHSolverKernal.cu(453): Warning: Cannot tell what pointer points to, assuming global memory space
         ./e:\my documents\visual studio 2010\projects\cuda_learning\cuda_learning\SPHSolverKernal.cu(454): Warning: Cannot tell what pointer points to, assuming global memory space
         ./e:\my documents\visual studio 2010\projects\cuda_learning\cuda_learning\SPHSolverKernal.cu(454): Warning: Cannot tell what pointer points to, assuming global memory space
         ./e:\my documents\visual studio 2010\projects\cuda_learning\cuda_learning\SPHSolverKernal.cu(455): Warning: Cannot tell what pointer points to, assuming global memory space
         ./e:\my documents\visual studio 2010\projects\cuda_learning\cuda_learning\SPHSolverKernal.cu(455): Warning: Cannot tell what pointer points to, assuming global memory space
         ./e:\my documents\visual studio 2010\projects\cuda_learning\cuda_learning\SPHSolverKernal.cu(458): Warning: Cannot tell what pointer points to, assuming global memory space
         ./e:\my documents\visual studio 2010\projects\cuda_learning\cuda_learning\SPHSolverKernal.cu(460): Warning: Cannot tell what pointer points to, assuming global memory space
         ./C:\ProgramData\NVIDIA Corporation\CUDA Samples\v5.0\common\inc\helper_math.h(820): Warning: Cannot tell what pointer points to, assuming global memory space
         ./C:\ProgramData\NVIDIA Corporation\CUDA Samples\v5.0\common\inc\helper_math.h(820): Warning: Cannot tell what pointer points to, assuming global memory space
         ./C:\ProgramData\NVIDIA Corporation\CUDA Samples\v5.0\common\inc\helper_math.h(821): Warning: Cannot tell what pointer points to, assuming global memory space
         ./C:\ProgramData\NVIDIA Corporation\CUDA Samples\v5.0\common\inc\helper_math.h(821): Warning: Cannot tell what pointer points to, assuming global memory space
         ./C:\ProgramData\NVIDIA Corporation\CUDA Samples\v5.0\common\inc\helper_math.h(822): Warning: Cannot tell what pointer points to, assuming global memory space
         ./C:\ProgramData\NVIDIA Corporation\CUDA Samples\v5.0\common\inc\helper_math.h(822): Warning: Cannot tell what pointer points to, assuming global memory space
         ./e:\my documents\visual studio 2010\projects\cuda_learning\cuda_learning\SPHSolverKernal.cu(465): Warning: Cannot tell what pointer points to, assuming global memory space
         ./e:\my documents\visual studio 2010\projects\cuda_learning\cuda_learning\SPHSolverKernal.cu(467): Warning: Cannot tell what pointer points to, assuming global memory space
         ./e:\my documents\visual studio 2010\projects\cuda_learning\cuda_learning\SPHSolverKernal.cu(468): Warning: Cannot tell what pointer points to, assuming global memory space
         ./e:\my documents\visual studio 2010\projects\cuda_learning\cuda_learning\SPHSolverKernal.cu(468): Warning: Cannot tell what pointer points to, assuming global memory space
         ./e:\my documents\visual studio 2010\projects\cuda_learning\cuda_learning\SPHSolverKernal.cu(470): Warning: Cannot tell what pointer points to, assuming global memory space
         ./e:\my documents\visual studio 2010\projects\cuda_learning\cuda_learning\SPHSolverKernal.cu(472): Warning: Cannot tell what pointer points to, assuming global memory space
         ./e:\my documents\visual studio 2010\projects\cuda_learning\cuda_learning\SPHSolverKernal.cu(473): Warning: Cannot tell what pointer points to, assuming global memory space
         ./e:\my documents\visual studio 2010\projects\cuda_learning\cuda_learning\SPHSolverKernal.cu(473): Warning: Cannot tell what pointer points to, assuming global memory space
         ./e:\my documents\visual studio 2010\projects\cuda_learning\cuda_learning\SPHSolverKernal.cu(476): Warning: Cannot tell what pointer points to, assuming global memory space
         ./e:\my documents\visual studio 2010\projects\cuda_learning\cuda_learning\SPHSolverKernal.cu(478): Warning: Cannot tell what pointer points to, assuming global memory space
         ./C:\ProgramData\NVIDIA Corporation\CUDA Samples\v5.0\common\inc\helper_math.h(820): Warning: Cannot tell what pointer points to, assuming global memory space
         ./C:\ProgramData\NVIDIA Corporation\CUDA Samples\v5.0\common\inc\helper_math.h(820): Warning: Cannot tell what pointer points to, assuming global memory space
         ./C:\ProgramData\NVIDIA Corporation\CUDA Samples\v5.0\common\inc\helper_math.h(821): Warning: Cannot tell what pointer points to, assuming global memory space
         ./C:\ProgramData\NVIDIA Corporation\CUDA Samples\v5.0\common\inc\helper_math.h(821): Warning: Cannot tell what pointer points to, assuming global memory space
         ./C:\ProgramData\NVIDIA Corporation\CUDA Samples\v5.0\common\inc\helper_math.h(822): Warning: Cannot tell what pointer points to, assuming global memory space
         ./C:\ProgramData\NVIDIA Corporation\CUDA Samples\v5.0\common\inc\helper_math.h(822): Warning: Cannot tell what pointer points to, assuming global memory space
         ./e:\my documents\visual studio 2010\projects\cuda_learning\cuda_learning\SPHSolverKernal.cu(481): Warning: Cannot tell what pointer points to, assuming global memory space
         ./e:\my documents\visual studio 2010\projects\cuda_learning\cuda_learning\SPHSolverKernal.cu(483): Warning: Cannot tell what pointer points to, assuming global memory space
         ./C:\ProgramData\NVIDIA Corporation\CUDA Samples\v5.0\common\inc\helper_math.h(820): Warning: Cannot tell what pointer points to, assuming global memory space
         ./C:\ProgramData\NVIDIA Corporation\CUDA Samples\v5.0\common\inc\helper_math.h(820): Warning: Cannot tell what pointer points to, assuming global memory space
         ./C:\ProgramData\NVIDIA Corporation\CUDA Samples\v5.0\common\inc\helper_math.h(821): Warning: Cannot tell what pointer points to, assuming global memory space
         ./C:\ProgramData\NVIDIA Corporation\CUDA Samples\v5.0\common\inc\helper_math.h(821): Warning: Cannot tell what pointer points to, assuming global memory space
         ./C:\ProgramData\NVIDIA Corporation\CUDA Samples\v5.0\common\inc\helper_math.h(822): Warning: Cannot tell what pointer points to, assuming global memory space
         ./C:\ProgramData\NVIDIA Corporation\CUDA Samples\v5.0\common\inc\helper_math.h(822): Warning: Cannot tell what pointer points to, assuming global memory space
         ./e:\my documents\visual studio 2010\projects\cuda_learning\cuda_learning\SPHSolverKernal.cu(512): Warning: Cannot tell what pointer points to, assuming global memory space
         ./e:\my documents\visual studio 2010\projects\cuda_learning\cuda_learning\SPHSolverKernal.cu(512): Warning: Cannot tell what pointer points to, assuming global memory space
         ./e:\my documents\visual studio 2010\projects\cuda_learning\cuda_learning\SPHSolverKernal.cu(512): Warning: Cannot tell what pointer points to, assuming global memory space
         ./e:\my documents\visual studio 2010\projects\cuda_learning\cuda_learning\SPHSolverKernal.cu(514): Warning: Cannot tell what pointer points to, assuming global memory space
         ./e:\my documents\visual studio 2010\projects\cuda_learning\cuda_learning\SPHSolverKernal.cu(517): Warning: Cannot tell what pointer points to, assuming global memory space
         ./e:\my documents\visual studio 2010\projects\cuda_learning\cuda_learning\SPHSolverKernal.cu(534): Warning: Cannot tell what pointer points to, assuming global memory space
         ./e:\my documents\visual studio 2010\projects\cuda_learning\cuda_learning\SPHSolverKernal.cu(534): Warning: Cannot tell what pointer points to, assuming global memory space
         ./e:\my documents\visual studio 2010\projects\cuda_learning\cuda_learning\SPHSolverKernal.cu(534): Warning: Cannot tell what pointer points to, assuming global memory space
         ./C:\ProgramData\NVIDIA Corporation\CUDA Samples\v5.0\common\inc\helper_math.h(351): Warning: Cannot tell what pointer points to, assuming global memory space
         ./C:\ProgramData\NVIDIA Corporation\CUDA Samples\v5.0\common\inc\helper_math.h(351): Warning: Cannot tell what pointer points to, assuming global memory space
         ./C:\ProgramData\NVIDIA Corporation\CUDA Samples\v5.0\common\inc\helper_math.h(352): Warning: Cannot tell what pointer points to, assuming global memory space
         ./C:\ProgramData\NVIDIA Corporation\CUDA Samples\v5.0\common\inc\helper_math.h(352): Warning: Cannot tell what pointer points to, assuming global memory space
         ./C:\ProgramData\NVIDIA Corporation\CUDA Samples\v5.0\common\inc\helper_math.h(353): Warning: Cannot tell what pointer points to, assuming global memory space
         ./C:\ProgramData\NVIDIA Corporation\CUDA Samples\v5.0\common\inc\helper_math.h(353): Warning: Cannot tell what pointer points to, assuming global memory space
         ./e:\my documents\visual studio 2010\projects\cuda_learning\cuda_learning\SPHSolverKernal.cu(573): Warning: Cannot tell what pointer points to, assuming global memory space
         ./e:\my documents\visual studio 2010\projects\cuda_learning\cuda_learning\SPHSolverKernal.cu(575): Warning: Cannot tell what pointer points to, assuming global memory space
         ./e:\my documents\visual studio 2010\projects\cuda_learning\cuda_learning\SPHSolverKernal.cu(581): Warning: Cannot tell what pointer points to, assuming global memory space
         ./e:\my documents\visual studio 2010\projects\cuda_learning\cuda_learning\SPHSolverKernal.cu(583): Warning: Cannot tell what pointer points to, assuming global memory space
         ./e:\my documents\visual studio 2010\projects\cuda_learning\cuda_learning\SPHSolverKernal.cu(586): Warning: Cannot tell what pointer points to, assuming global memory space
         ./e:\my documents\visual studio 2010\projects\cuda_learning\cuda_learning\SPHSolverKernal.cu(588): Warning: Cannot tell what pointer points to, assuming global memory space
         ./e:\my documents\visual studio 2010\projects\cuda_learning\cuda_learning\SPHSolverKernal.cu(592): Warning: Cannot tell what pointer points to, assuming global memory space
         ./e:\my documents\visual studio 2010\projects\cuda_learning\cuda_learning\SPHSolverKernal.cu(594): Warning: Cannot tell what pointer points to, assuming global memory space
         ./e:\my documents\visual studio 2010\projects\cuda_learning\cuda_learning\SPHSolverKernal.cu(597): Warning: Cannot tell what pointer points to, assuming global memory space
         ./e:\my documents\visual studio 2010\projects\cuda_learning\cuda_learning\SPHSolverKernal.cu(599): Warning: Cannot tell what pointer points to, assuming global memory space
         ./e:\my documents\visual studio 2010\projects\cuda_learning\cuda_learning\SPHSolverKernal.cu(606): Warning: Cannot tell what pointer points to, assuming global memory space
         ./e:\my documents\visual studio 2010\projects\cuda_learning\cuda_learning\SPHSolverKernal.cu(606): Warning: Cannot tell what pointer points to, assuming global memory space
         ./e:\my documents\visual studio 2010\projects\cuda_learning\cuda_learning\SPHSolverKernal.cu(606): Warning: Cannot tell what pointer points to, assuming global memory space
         ./e:\my documents\visual studio 2010\projects\cuda_learning\cuda_learning\SPHSolverKernal.cu(606): Warning: Cannot tell what pointer points to, assuming global memory space
         ./e:\my documents\visual studio 2010\projects\cuda_learning\cuda_learning\SPHSolverKernal.cu(606): Warning: Cannot tell what pointer points to, assuming global memory space
         ./e:\my documents\visual studio 2010\projects\cuda_learning\cuda_learning\SPHSolverKernal.cu(606): Warning: Cannot tell what pointer points to, assuming global memory space
         ./C:\ProgramData\NVIDIA Corporation\CUDA Samples\v5.0\common\inc\helper_math.h(820): Warning: Cannot tell what pointer points to, assuming global memory space
         ./C:\ProgramData\NVIDIA Corporation\CUDA Samples\v5.0\common\inc\helper_math.h(820): Warning: Cannot tell what pointer points to, assuming global memory space
         ./C:\ProgramData\NVIDIA Corporation\CUDA Samples\v5.0\common\inc\helper_math.h(821): Warning: Cannot tell what pointer points to, assuming global memory space
         ./C:\ProgramData\NVIDIA Corporation\CUDA Samples\v5.0\common\inc\helper_math.h(821): Warning: Cannot tell what pointer points to, assuming global memory space
         ./C:\ProgramData\NVIDIA Corporation\CUDA Samples\v5.0\common\inc\helper_math.h(822): Warning: Cannot tell what pointer points to, assuming global memory space
         ./C:\ProgramData\NVIDIA Corporation\CUDA Samples\v5.0\common\inc\helper_math.h(822): Warning: Cannot tell what pointer points to, assuming global memory space
         ./e:\my documents\visual studio 2010\projects\cuda_learning\cuda_learning\SPHSolverKernal.cu(609): Warning: Cannot tell what pointer points to, assuming global memory space
         ./e:\my documents\visual studio 2010\projects\cuda_learning\cuda_learning\SPHSolverKernal.cu(609): Warning: Cannot tell what pointer points to, assuming global memory space
         ./e:\my documents\visual studio 2010\projects\cuda_learning\cuda_learning\SPHSolverKernal.cu(609): Warning: Cannot tell what pointer points to, assuming global memory space
     1>E:\Programs\NVIDIA GPU Computing Toolkit\CUDA\v5.0\include\thrust/detail/swap.inl(27): warning : Cannot tell what pointer points to, assuming global memory space
     1>E:\Programs\NVIDIA GPU Computing Toolkit\CUDA\v5.0\include\thrust/detail/swap.inl(28): warning : Cannot tell what pointer points to, assuming global memory space
     1>E:\Programs\NVIDIA GPU Computing Toolkit\CUDA\v5.0\include\thrust/detail/swap.inl(28): warning : Cannot tell what pointer points to, assuming global memory space
     1>E:\Programs\NVIDIA GPU Computing Toolkit\CUDA\v5.0\include\thrust/detail/swap.inl(29): warning : Cannot tell what pointer points to, assuming global memory space
     1>E:\Programs\NVIDIA GPU Computing Toolkit\CUDA\v5.0\include\thrust/detail/swap.inl(27): warning : Cannot tell what pointer points to, assuming global memory space
     1>E:\Programs\NVIDIA GPU Computing Toolkit\CUDA\v5.0\include\thrust/detail/swap.inl(28): warning : Cannot tell what pointer points to, assuming global memory space
     1>E:\Programs\NVIDIA GPU Computing Toolkit\CUDA\v5.0\include\thrust/detail/swap.inl(28): warning : Cannot tell what pointer points to, assuming global memory space
     1>E:\Programs\NVIDIA GPU Computing Toolkit\CUDA\v5.0\include\thrust/detail/swap.inl(29): warning : Cannot tell what pointer points to, assuming global memory space
